<?xml version="1.0" encoding="UTF-8"?>
<!-- Generated by org.testng.reporters.JUnitReportReporter -->
<testsuite skipped="0" hostname="Nikhils-MacBook-Pro.local" name="org.neptune.service.tests.TestNGDemo" tests="6" failures="0" timestamp="28 Nov 2017 12:08:41 GMT" time="0.529" errors="0">
  <testcase name="save_invalidEmail_Test" time="0.001" classname="org.neptune.service.tests.TestNGDemo"/>
  <testcase name="save_invalidLastName_Test" time="0.003" classname="org.neptune.service.tests.TestNGDemo"/>
  <testcase name="save_invalidUserType_Test" time="0.002" classname="org.neptune.service.tests.TestNGDemo"/>
  <testcase name="save_UserAlreadyExistsException_Test" time="0.017" classname="org.neptune.service.tests.TestNGDemo"/>
  <testcase name="save_invalidUserId_Test" time="0.504" classname="org.neptune.service.tests.TestNGDemo"/>
  <testcase name="save_invalidFirstName_Test" time="0.002" classname="org.neptune.service.tests.TestNGDemo"/>
</testsuite> <!-- org.neptune.service.tests.TestNGDemo -->
